2023-01-11T07:54:10	Static on port 8000
2023-01-11T07:54:10	API on port 8001
2023-01-11T07:56:39	Static on port 8000
2023-01-11T07:56:39	API on port 8001
2023-01-11T08:23:48	Static on port 8000
2023-01-11T08:23:48	API on port 8001
2023-01-11T09:34:28	Static on port 8000
2023-01-11T09:34:28	API on port 8001
2023-01-11T09:36:40	Static on port 8000
2023-01-11T09:36:40	API on port 8001
2023-01-11T10:47:30	Static on port 8000
2023-01-11T10:47:30	API on port 8001
2023-01-11T10:47:59	Static on port 8000
2023-01-11T10:47:59	API on port 8001
2023-01-11T10:52:40	Static on port 8000
2023-01-11T10:52:40	API on port 8001
2023-01-11T10:52:45	::1 signin /api/auth/signin
2023-01-11T10:52:54	::1 signin /api/auth/signin
2023-01-11T10:58:16	::1 signin /api/auth/signin
2023-01-11T10:58:26	Static on port 8000
2023-01-11T10:58:26	API on port 8001
2023-01-11T10:58:28	::1 signin /api/auth/signin
2023-01-11T10:58:29	::1 signin /api/auth/signin
2023-01-11T10:58:29	::1 signin /api/auth/signin
2023-01-11T10:59:34	::1 signin /api/auth/signin
2023-01-11T10:59:43	::1 signin /api/auth/signin
2023-01-11T11:00:08	Static on port 8000
2023-01-11T11:00:08	API on port 8001
2023-01-11T11:00:11	::1 signin /api/auth/signin
2023-01-11T11:00:12	::1 signin /api/auth/signin
2023-01-11T11:00:12	::1 signin /api/auth/signin
2023-01-11T11:00:44	::1 signin /api/auth/signin
2023-01-11T11:03:49	::1 signin /api/auth/signin
2023-01-11T11:03:50	::1 signin /api/auth/signin
2023-01-11T11:03:51	::1 signin /api/auth/signin
2023-01-11T11:04:13	Static on port 8000
2023-01-11T11:04:13	API on port 8001
2023-01-11T11:04:17	::1 signin /api/auth/signin
2023-01-11T11:04:33	::1 signin /api/auth/signin
2023-01-11T11:04:34	::1 signin /api/auth/signin
2023-01-11T11:04:34	::1 signin /api/auth/signin
2023-01-11T11:04:34	::1 signin /api/auth/signin
2023-01-11T11:04:35	::1 signin /api/auth/signin
2023-01-11T11:04:35	::1 signin /api/auth/signin
2023-01-11T11:04:54	Static on port 8000
2023-01-11T11:04:54	API on port 8001
2023-01-11T11:04:56	::1 signin /api/auth/signin
2023-01-11T11:04:57	::1 signin /api/auth/signin
2023-01-11T11:08:02	::1 signin /api/auth/signin
2023-01-11T11:09:47	::1 signin /api/auth/signin
2023-01-11T11:10:01	::1 signin /api/auth/signin
2023-01-11T11:10:38	::1 signin /api/auth/signin
2023-01-11T11:11:08	::1 signin /api/auth/signin
2023-01-11T11:11:58	::1 signin /api/auth/signin
2023-01-11T11:12:09	::1 signin /api/auth/signin
2023-01-11T11:13:04	::1 signin /api/auth/signin
2023-01-11T11:13:04	::1 signin /api/auth/signin
2023-01-11T11:13:17	::1 signin /api/auth/signin
2023-01-11T11:13:24	::1 signin /api/auth/signin
2023-01-11T11:13:33	::1 signin /api/auth/signin
2023-01-11T11:14:11	::1 signin /api/auth/signin
2023-01-11T11:14:13	::1 signin /api/auth/signin
2023-01-11T11:15:07	Static on port 8000
2023-01-11T11:15:07	API on port 8001
2023-01-11T11:15:10	::1 signin /api/auth/signin
2023-01-11T11:15:10	::1 signin /api/auth/signin
2023-01-11T11:15:11	::1 signin /api/auth/signin
2023-01-11T11:15:11	::1 signin /api/auth/signin
2023-01-11T11:15:11	::1 signin /api/auth/signin
2023-01-11T11:15:11	::1 signin /api/auth/signin
2023-01-11T11:15:11	::1 signin /api/auth/signin
2023-01-11T11:15:12	::1 signin /api/auth/signin
2023-01-11T11:15:12	::1 signin /api/auth/signin
2023-01-11T11:15:12	::1 signin /api/auth/signin
2023-01-11T11:17:28	::1 signin /api/auth/signin
2023-01-11T11:17:29	::1 signin /api/auth/signin
2023-01-11T11:17:29	::1 signin /api/auth/signin
2023-01-11T11:18:01	Static on port 8000
2023-01-11T11:18:01	API on port 8001
2023-01-11T11:18:04	::1 signin /api/auth/signin
2023-01-11T11:18:04	{ method: 'auth.signin', login: undefined, password: undefined }
2023-01-11T11:19:04	::1 signin /api/auth/signin
2023-01-11T11:19:04	{ method: 'auth.signin', login: undefined, password: undefined }
2023-01-11T11:19:15	Static on port 8000
2023-01-11T11:19:15	API on port 8001
2023-01-11T11:19:17	::1 signin /api/auth/signin
2023-01-11T11:19:17	{ method: 'auth.signin', login: undefined, password: undefined }
2023-01-11T11:20:18	::1 signout /api/auth/signout
2023-01-11T11:20:18	{ method: 'auth.signout' }
2023-01-11T11:20:48	::1 signout /api/auth/signout
2023-01-11T11:20:48	{ method: 'auth.signout' }
